<?xml version="1.0" encoding="UTF-8"?>
<!-- Generated by org.testng.reporters.JUnitReportReporter -->
<testsuite skipped="0" hostname="Vamshikumar-HP" name="com.zoho.testcases.LoginTest" tests="1" failures="0" timestamp="2020-07-08T13:22:47 IST" time="24.630" errors="0">
  <testcase name="loginTest" time="24.630" classname="com.zoho.testcases.LoginTest"/>
  <system-out/>
</testsuite> <!-- com.zoho.testcases.LoginTest -->
